<!DOCTYPE html>
<html>
<head>
    <title>Test</title>
    <meta charset="utf-8">
    <meta name="viewport" content="width=device-width, initial-scale=1.0">
    <link rel="stylesheet" href="https://maxcdn.bootstrapcdn.com/bootstrap/3.3.6/css/bootstrap.min.css" integrity="sha384-1q8mTJOASx8j1Au+a5WDVnPi2lkFfwwEAa8hDDdjZlpLegxhjVME1fgjWPGmkzs7" crossorigin="anonymous">
</head>
<body>
    <div class="container">
        <div class="row">
            <div class="col-xs-12">
                <h2 class="text-capitalize">Test</h2>
                <p class='attribute'><strong>Start Time: </strong>2022-12-30 19:30:54</p>
                <p class='attribute'><strong>Duration: </strong>42.43 s</p>
                <p class='attribute'><strong>Summary: </strong>Total: 3, Pass: 0, Error: 3</p>
            </div>
        </div>
        <div class="row">
            <div class="col-xs-12 col-sm-10 col-md-10">
                <table class='table table-hover table-responsive'>
                    <thead>
                        <tr>
                            <th>meeting9.new_test.Test2</th>
                            <th>Status</th>
                            <th></th>
                        </tr>
                    </thead>
                    <tbody>
                        <tr class='warning'>
                            <td class="col-xs-10">test_elem_visible</td>
                            <td class="col-xs-1">
                                <span class="label label-warning" style="display:block;width:40px;">Error</span>
                            </td>
                            <td class="col-xs-1">
                                <button class="btn btn-default btn-xs">View</button>
                            </td>
                        </tr>
                        <tr style="display:none;">
                            <td class="col-xs-9" colspan="3"><p style="color:maroon;">NoSuchElementException: Message: no such element: Unable to locate element: {"method":"xpath","selector":"//a[text()="Contact us"]"}
  (Session info: chrome=108.0.5359.125)
Stacktrace:
Backtrace:
	(No symbol) [0x00DCF243]
	(No symbol) [0x00D57FD1]
	(No symbol) [0x00C4D04D]
	(No symbol) [0x00C7C0B0]
	(No symbol) [0x00C7C22B]
	(No symbol) [0x00CAE612]
	(No symbol) [0x00C985D4]
	(No symbol) [0x00CAC9EB]
	(No symbol) [0x00C98386]
	(No symbol) [0x00C7163C]
	(No symbol) [0x00C7269D]
	GetHandleVerifier [0x01069A22+2655074]
	GetHandleVerifier [0x0105CA24+2601828]
	GetHandleVerifier [0x00E78C0A+619850]
	GetHandleVerifier [0x00E77830+614768]
	(No symbol) [0x00D605FC]
	(No symbol) [0x00D65968]
	(No symbol) [0x00D65A55]
	(No symbol) [0x00D7051B]
	BaseThreadInitThunk [0x76D600F9+25]
	RtlGetAppContainerNamedObjectPath [0x778D7BBE+286]
	RtlGetAppContainerNamedObjectPath [0x778D7B8E+238]
</p><p style="color:maroon;">Traceback (most recent call last):
  File "D:\pythonProjectANdy\meeting9\new_test.py", line 31, in setUp
    self.chrome.find_element(*self.CONTACT_US).click()
    ^^^^^^^^^^^^^^^^^^^^^^^^^^^^^^^^^^^^^^^^^^
  File "D:\pythonProjectANdy\venv\Lib\site-packages\selenium\webdriver\remote\webdriver.py", line 861, in find_element
    return self.execute(Command.FIND_ELEMENT, {"using": by, "value": value})["value"]
           ^^^^^^^^^^^^^^^^^^^^^^^^^^^^^^^^^^^^^^^^^^^^^^^^^^^^^^^^^^^^^^^^^
  File "D:\pythonProjectANdy\venv\Lib\site-packages\selenium\webdriver\remote\webdriver.py", line 444, in execute
    self.error_handler.check_response(response)
  File "D:\pythonProjectANdy\venv\Lib\site-packages\selenium\webdriver\remote\errorhandler.py", line 249, in check_response
    raise exception_class(message, screen, stacktrace)
selenium.common.exceptions.NoSuchElementException: Message: no such element: Unable to locate element: {"method":"xpath","selector":"//a[text()="Contact us"]"}
  (Session info: chrome=108.0.5359.125)
Stacktrace:
Backtrace:
	(No symbol) [0x00DCF243]
	(No symbol) [0x00D57FD1]
	(No symbol) [0x00C4D04D]
	(No symbol) [0x00C7C0B0]
	(No symbol) [0x00C7C22B]
	(No symbol) [0x00CAE612]
	(No symbol) [0x00C985D4]
	(No symbol) [0x00CAC9EB]
	(No symbol) [0x00C98386]
	(No symbol) [0x00C7163C]
	(No symbol) [0x00C7269D]
	GetHandleVerifier [0x01069A22+2655074]
	GetHandleVerifier [0x0105CA24+2601828]
	GetHandleVerifier [0x00E78C0A+619850]
	GetHandleVerifier [0x00E77830+614768]
	(No symbol) [0x00D605FC]
	(No symbol) [0x00D65968]
	(No symbol) [0x00D65A55]
	(No symbol) [0x00D7051B]
	BaseThreadInitThunk [0x76D600F9+25]
	RtlGetAppContainerNamedObjectPath [0x778D7BBE+286]
	RtlGetAppContainerNamedObjectPath [0x778D7B8E+238]

</p>
                            </td>
                        </tr>
                        <tr class='warning'>
                            <td class="col-xs-10">test_page_title</td>
                            <td class="col-xs-1">
                                <span class="label label-warning" style="display:block;width:40px;">Error</span>
                            </td>
                            <td class="col-xs-1">
                                <button class="btn btn-default btn-xs">View</button>
                            </td>
                        </tr>
                        <tr style="display:none;">
                            <td class="col-xs-9" colspan="3"><p style="color:maroon;">NoSuchElementException: Message: no such element: Unable to locate element: {"method":"xpath","selector":"//a[text()="Contact us"]"}
  (Session info: chrome=108.0.5359.125)
Stacktrace:
Backtrace:
	(No symbol) [0x00DCF243]
	(No symbol) [0x00D57FD1]
	(No symbol) [0x00C4D04D]
	(No symbol) [0x00C7C0B0]
	(No symbol) [0x00C7C22B]
	(No symbol) [0x00CAE612]
	(No symbol) [0x00C985D4]
	(No symbol) [0x00CAC9EB]
	(No symbol) [0x00C98386]
	(No symbol) [0x00C7163C]
	(No symbol) [0x00C7269D]
	GetHandleVerifier [0x01069A22+2655074]
	GetHandleVerifier [0x0105CA24+2601828]
	GetHandleVerifier [0x00E78C0A+619850]
	GetHandleVerifier [0x00E77830+614768]
	(No symbol) [0x00D605FC]
	(No symbol) [0x00D65968]
	(No symbol) [0x00D65A55]
	(No symbol) [0x00D7051B]
	BaseThreadInitThunk [0x76D600F9+25]
	RtlGetAppContainerNamedObjectPath [0x778D7BBE+286]
	RtlGetAppContainerNamedObjectPath [0x778D7B8E+238]
</p><p style="color:maroon;">Traceback (most recent call last):
  File "D:\pythonProjectANdy\meeting9\new_test.py", line 31, in setUp
    self.chrome.find_element(*self.CONTACT_US).click()
    ^^^^^^^^^^^^^^^^^^^^^^^^^^^^^^^^^^^^^^^^^^
  File "D:\pythonProjectANdy\venv\Lib\site-packages\selenium\webdriver\remote\webdriver.py", line 861, in find_element
    return self.execute(Command.FIND_ELEMENT, {"using": by, "value": value})["value"]
           ^^^^^^^^^^^^^^^^^^^^^^^^^^^^^^^^^^^^^^^^^^^^^^^^^^^^^^^^^^^^^^^^^
  File "D:\pythonProjectANdy\venv\Lib\site-packages\selenium\webdriver\remote\webdriver.py", line 444, in execute
    self.error_handler.check_response(response)
  File "D:\pythonProjectANdy\venv\Lib\site-packages\selenium\webdriver\remote\errorhandler.py", line 249, in check_response
    raise exception_class(message, screen, stacktrace)
selenium.common.exceptions.NoSuchElementException: Message: no such element: Unable to locate element: {"method":"xpath","selector":"//a[text()="Contact us"]"}
  (Session info: chrome=108.0.5359.125)
Stacktrace:
Backtrace:
	(No symbol) [0x00DCF243]
	(No symbol) [0x00D57FD1]
	(No symbol) [0x00C4D04D]
	(No symbol) [0x00C7C0B0]
	(No symbol) [0x00C7C22B]
	(No symbol) [0x00CAE612]
	(No symbol) [0x00C985D4]
	(No symbol) [0x00CAC9EB]
	(No symbol) [0x00C98386]
	(No symbol) [0x00C7163C]
	(No symbol) [0x00C7269D]
	GetHandleVerifier [0x01069A22+2655074]
	GetHandleVerifier [0x0105CA24+2601828]
	GetHandleVerifier [0x00E78C0A+619850]
	GetHandleVerifier [0x00E77830+614768]
	(No symbol) [0x00D605FC]
	(No symbol) [0x00D65968]
	(No symbol) [0x00D65A55]
	(No symbol) [0x00D7051B]
	BaseThreadInitThunk [0x76D600F9+25]
	RtlGetAppContainerNamedObjectPath [0x778D7BBE+286]
	RtlGetAppContainerNamedObjectPath [0x778D7B8E+238]

</p>
                            </td>
                        </tr>
                        <tr class='warning'>
                            <td class="col-xs-10">test_url</td>
                            <td class="col-xs-1">
                                <span class="label label-warning" style="display:block;width:40px;">Error</span>
                            </td>
                            <td class="col-xs-1">
                                <button class="btn btn-default btn-xs">View</button>
                            </td>
                        </tr>
                        <tr style="display:none;">
                            <td class="col-xs-9" colspan="3"><p style="color:maroon;">NoSuchElementException: Message: no such element: Unable to locate element: {"method":"xpath","selector":"//a[text()="Contact us"]"}
  (Session info: chrome=108.0.5359.125)
Stacktrace:
Backtrace:
	(No symbol) [0x00DCF243]
	(No symbol) [0x00D57FD1]
	(No symbol) [0x00C4D04D]
	(No symbol) [0x00C7C0B0]
	(No symbol) [0x00C7C22B]
	(No symbol) [0x00CAE612]
	(No symbol) [0x00C985D4]
	(No symbol) [0x00CAC9EB]
	(No symbol) [0x00C98386]
	(No symbol) [0x00C7163C]
	(No symbol) [0x00C7269D]
	GetHandleVerifier [0x01069A22+2655074]
	GetHandleVerifier [0x0105CA24+2601828]
	GetHandleVerifier [0x00E78C0A+619850]
	GetHandleVerifier [0x00E77830+614768]
	(No symbol) [0x00D605FC]
	(No symbol) [0x00D65968]
	(No symbol) [0x00D65A55]
	(No symbol) [0x00D7051B]
	BaseThreadInitThunk [0x76D600F9+25]
	RtlGetAppContainerNamedObjectPath [0x778D7BBE+286]
	RtlGetAppContainerNamedObjectPath [0x778D7B8E+238]
</p><p style="color:maroon;">Traceback (most recent call last):
  File "D:\pythonProjectANdy\meeting9\new_test.py", line 31, in setUp
    self.chrome.find_element(*self.CONTACT_US).click()
    ^^^^^^^^^^^^^^^^^^^^^^^^^^^^^^^^^^^^^^^^^^
  File "D:\pythonProjectANdy\venv\Lib\site-packages\selenium\webdriver\remote\webdriver.py", line 861, in find_element
    return self.execute(Command.FIND_ELEMENT, {"using": by, "value": value})["value"]
           ^^^^^^^^^^^^^^^^^^^^^^^^^^^^^^^^^^^^^^^^^^^^^^^^^^^^^^^^^^^^^^^^^
  File "D:\pythonProjectANdy\venv\Lib\site-packages\selenium\webdriver\remote\webdriver.py", line 444, in execute
    self.error_handler.check_response(response)
  File "D:\pythonProjectANdy\venv\Lib\site-packages\selenium\webdriver\remote\errorhandler.py", line 249, in check_response
    raise exception_class(message, screen, stacktrace)
selenium.common.exceptions.NoSuchElementException: Message: no such element: Unable to locate element: {"method":"xpath","selector":"//a[text()="Contact us"]"}
  (Session info: chrome=108.0.5359.125)
Stacktrace:
Backtrace:
	(No symbol) [0x00DCF243]
	(No symbol) [0x00D57FD1]
	(No symbol) [0x00C4D04D]
	(No symbol) [0x00C7C0B0]
	(No symbol) [0x00C7C22B]
	(No symbol) [0x00CAE612]
	(No symbol) [0x00C985D4]
	(No symbol) [0x00CAC9EB]
	(No symbol) [0x00C98386]
	(No symbol) [0x00C7163C]
	(No symbol) [0x00C7269D]
	GetHandleVerifier [0x01069A22+2655074]
	GetHandleVerifier [0x0105CA24+2601828]
	GetHandleVerifier [0x00E78C0A+619850]
	GetHandleVerifier [0x00E77830+614768]
	(No symbol) [0x00D605FC]
	(No symbol) [0x00D65968]
	(No symbol) [0x00D65A55]
	(No symbol) [0x00D7051B]
	BaseThreadInitThunk [0x76D600F9+25]
	RtlGetAppContainerNamedObjectPath [0x778D7BBE+286]
	RtlGetAppContainerNamedObjectPath [0x778D7B8E+238]

</p>
                            </td>
                        </tr>
                        <tr>
                            <td colspan="3">
                                Total: 3, Pass: 0, Error: 3 -- Duration: 42.43 s
                            </td>
                        </tr>
                    </tbody>
                </table>
            </div>
        </div>
    </div>
    <script src="https://ajax.googleapis.com/ajax/libs/jquery/2.2.4/jquery.min.js"></script>
    <script type="text/javascript">
        $(document).ready(function(){
            $('td').on('click', '.btn', function(e){
                e.preventDefault();
                e.stopImmediatePropagation();
                var $this = $(this);
                var $nextRow = $this.closest('tr').next('tr');
                $nextRow.slideToggle("fast");
                $this.text(function(i, text){
                    if (text === 'View') {
                        return 'Hide';
                    } else {
                        return 'View';
                    };
                });
            });
        });
    </script>
</body>
</html>